<?xml version="1.0" encoding="UTF-8"?>
<!-- Generated by org.testng.reporters.JUnitReportReporter -->
<testsuite skipped="0" hostname="DESKTOP-RGPH0JP" name="testCases.LoginPageTest" tests="2" failures="0" timestamp="14 Feb 2021 16:47:07 GMT" time="24.706" errors="0">
  <testcase name="LoginTest" time="11.576" classname="testCases.LoginPageTest"/>
  <testcase name="loginpageTitleTest" time="13.130" classname="testCases.LoginPageTest"/>
</testsuite> <!-- testCases.LoginPageTest -->
